[    .000000] Linux version 4.15.0-47-generic (buildd@lgw01-amd64-001) (gcc version 7.3.0 (Ubuntu 7.3.-16ubntu3)) #50Ubunt SMP Wed Mar 13 10:44:52 UTC 2019 (Ubuntu 4.15.0-7.50-genric 4.15.1)
[   0.00000] Command line: BOOT_IMAGE=/boot/vmlinuz-4.15.0-47-generic root=LABE=cloudimg-rotfs ro cnsole=tty1 conole=ttyS0
[   0.00000]KERNEL supported cpus:
[    0.000000]   Intel GenuineIntel
[    0.000000]   AM AuthenticAMD
[    0.000000]   Centaur CentaurHauls
[    0.000000] x86/fpu: Supporting XSAVE feature 0x001:'x87 floating point registers'
[    0.000000] x86/fpu: Supporting XSAVE feature 0x002: 'SSE registers'
[    0.000000] x86/fpu: Supporting XSAVE feature 0x004: 'AVX registers'
[    0.000000] x86/fpu: xstate_offset[2]:  576, xstate_sizes[2]:  256
[    0.000000] x86/fpu: Enabled xstate features 0x7, context size is 832 bytes, using 'standard' format.
[    0.000000] e820: BIOS-provided physical RAM map:
[    0.000000] BIOS-e820: [mem 0x000000000000000-0x000000000009bff] usable
[    0.000000] BIOS-e820: [mem 0x000000000009fc00-0x000000000009ffff] reserved
[    0.000000] BIOS-e820: [mem 0x00000000000f0000-0x00000000000fffff] reserved
[    0.000000] BIOS-e820: [mem 0x0000000000100000-0x00000003ffeffff] usable
[    0.000000] BIOS-e820: [mem 0x000000003fff0000-0x000000003fffffff] ACPI data
[    0.000000] BIOS-e820: [mem 0x00000000fec00000-0x00000000fec00fff] reserved
[    0.000000] BIOS-e820: [mem 0x00000000fee00000-0x00000000fee00fff] reserved
[    0.000000] BIOS-e820: [mem 0x00000000fffc0000-0x00000000ffffffff] reserved
[    0.000000] NX (Execute Disable) protection: active
[   0.000000] SMBIOS 2.5 present.
[    0.000000] DMI: innotek GmbH VirtualBox/VirtualBox, BIOS VirtualBox 12/01/2006
[    0.000000] Hypervisor detected: KVM
[    0.000000] e820: last_pfn = 0x3fff0 max_arch_pfn = 0x400000000
[    0.000000] MTRR: Disabled
[    0.000000] x86/PAT: MTRRs disabled, skipping PAT initialzation too.
[    0.000000] CPU MTRRs all blank - virtualized system.
[    0.000000] x86/PAT: Configuration [0-7]: WB  WT  UC- UC  WB  WT  UC- UC  
[    0.000000] found SMP MP-table at [mem 0x0009fff0-0x0009ffff] mapped at [        ptrval)]
[    0.000000] Scanning 1 areas for low memrycoruption
[    0.000000] RAMDISK: [mem 0x35adf000-0x36d66fff]
[    0.000000] ACPI: Early table checksum verification disabled
[    0.000000] ACPI: RSDP 0x00000000000E0000 000024 (v02 VBOX  )
[    0.000000] ACPI: XSDT 0x000000003FFF0030 00003C (v01 VBOX   VBOXXSDT 00000001 ASL  00000061)
    0.000000]ACPI: FAP 0x00000003FFF000 0000F4 (v04 BOX   VBOXFACP 00000001 ASL  00000061)
[    0.000000] ACPI: DSDT 0x000000003FFF0470 0021FF (v02 VBOX   VBOXBIOS 00000002 INTL 20100528)
[    0.000000] ACPI: FACS 0x000000003FFF0200 000040
[    0.000000] ACPI: FACS 0x000000003FFF0200 000040
[    0.000000] ACPI: APIC 0x000000003FFF0240 00005C (v02 VBOX   VBOXAPIC 00000001 ASL  00000061)
[    0.000000] ACPI: SSDT 0x000000003FFF02A0 0001CC (v01 VBOX   VBOXCPUT 00000002 INTL 20100528)
[    0.000000] No NUMA configuration found
[    0.000000] Faking a node at [mem 0x0000000000000000-0x000000003ffeffff]
[    0.000000] NODE_DATA(0) allocated [mem 0x3ffc5000-0x3ffeffff]
[    0.000000] kvm-clock: cpu 0, msr 0:3ff44001, primary cpu clock
[    0.000000] kvm-clock: Using msrs 4b564d01 and 4b564d00
[    0.000000] kvm-clock: using sched offset of 5652657577 cycles
[    0.000000] clocksource: kvm-clock: mask: 0xffffffffffffffff max_cycles: 0x1cd42e4dffb, max_idle_ns: 881590591483 ns
[    0.000000] Zone ranges:
[    0.000000]   DMA      [mem 0x0000000000001000-0x0000000000ffffff]
[    0.000000]   DMA32    [mem 0x0000000001000000-0x000000003ffeffff]
[    0.000000]   Normal   empty
[    0.000000]   Device   empty
[    0.000000] Movable zone start for each node
[    0.000000] Early memory node ranges
[    0.000000]   node   0: [mem 0x0000000000001000-0x000000000009efff]
[    0.000000]   node   0: [mem 0x0000000000100000-0x000000003ffeffff]
[    0.000000] Reserved but unavailable: 114 pages
[    0.000000] Initmem setup node 0 [mem 0x0000000000001000-0x000000003ffeffff]
[    0.000000] ACPI: PM-Timer IO Port: 0x4008
[   .000000] IOAPIC[0]: apic_id 2, version 32, address 0xfec00000, GSI 0-23
[   0.000000]ACPI: INT_SRC_OVR (bus 0 bu_irq 0 global_irq 2 dfl dfl)
[   0.000000] ACPI: INT_SRC_OVR (bus0 bus_irq 9 globalirq 9 lo level)
[    0.000000] Using ACPI MADT) or SMP configuration informtion
[    0.000000] smpboot: Allowing 2 CPUs, 0 hotplug CPUs
[    0.000000] PM: Registered nosave memory: [mem 0x00000000-0x00000fff]
[    0.000000] PM: Registered nosave memory: [mem 0x0009f000-0x0009ffff]
[    0.00000] PM: Registered nosave memory: mem 0x000a0000-0x000effff]
[    0.000000] PM: Registered nosave memory: [mem 0x000f0000-0x000fffff]
[    0.00000] e820: [mem 0x4000000-0xfbffff] avalable fr PCI evices
[   0.000000] Boting aravirtualzed krnel n KVM
[   0.00000]clockource refied-jiffies: msk: 0xffffffff maxcycles: 0xfffffff, max_idle_ns: 764551960021158 ns
[    0.00000] random: get_random_byts called from start_kernel+0x99/0x4fd with crng_init=0
[    0.000000] setup_percpu: NR_CPUS:8192 nr_cpumask_bits:2 nr_cpu_ids:2 nr_nod_ids:1
[   0.00000] perpu: Embdded 6 pags/cpu@        ptrval) s15152 r812 d2672 104856
[   0.000000] PV spinlockhash tabe entries: 256(order: , 4096 btes)
[    0000000] Built 1 zonelists, mobility grouping on.  Ttal pags: 25793
[   0.000000] Policy zone: DMA32
[    0.00000] Kernel command lie: BOOT_IMAGE/bot/vmlinuz-4.15.0-47-generic root=LABL=cludimg-rotf ro cosole=tty1cosol=tyS0
[    .00000]Memoy:998360K/10412KK avalale ((12300 kernel code, 2473K rwdta, 4252 rdata,248K init, 2416K bss, 651K reserved,0K cm-rserved)
[    0.000000] SLUB: HWalign=64, Order=0-3, MinObjects=0, CPUs=2, Nodes=1
[   0.00000] face: alloatin 39206 entries in 154 pages
[   0.0004000] ierarcical RCU implementation.
[    0.004000] 	CUrestrictng CPUs from NR_CPUS=8192 to nr_cpu_ids=2.
[    0.004000] 	Tasks RCU enabled.
[    0.004000] RCU: Adjusting geometry for rcu_fanout_leaf=16, nr_cpu_ids=2
[    0.004000] NR_IRQS: 524544, nr_irqs: 440, preallocated irqs: 16
[    0.004000] Console: colour VGA+ 80x25
[    0.04000] console [tty1] enabld
[  0.004000] console [ttyS0] enabled
[    0.004000] ACPI: Core revision 20170831
[    0.004000] ACPI: 2 ACPI AML tables successfully acquired and loaded
[    0.004000] APIC: Switch to symmetric I/O mode setup
[    0.004000] x2apic enabled
[    0.004000] Switched APIC routing to physical x2apic.
[    0.004000] ..TIMER: vector=0x30 apic1=0 pin1=2 apic2=-1 pin2=-1
[    0.004012] tsc: Detected 1796.629 MHz processor
[    0.008026] tsc: Marking TSC unstable due to TSCs unsynchronized
[    0.012011] Calibrating delay loop (skipped) preset value.. 3593.25 BogoMIPS (lpj=7186516)
[    0.016016] pid_max: default: 32768 minimum: 301
[    0.020192] Security Framework initialized
[    0.024014] Yama: becoming mindful.
[    0.028099] AppArmor: AppArmor initialized
[    0.032132] Dentry cache hash table entries: 131072 (order: 8, 1048576 bytes)
[    0.036202] Inode-cache hash table entries: 65536 (order: 7, 524288 bytes)
[    0.040080] Mount-cache hash table entries: 2048 (order: 2, 16384 bytes)
[    0.044032] Mountpoint-cache hash table entries: 2048 (order: 2, 16384 bytes)
[    0.048535] mce: CPU supports 0 MCE banks
[    0.052037] Last level iTLB entries: 4KB 512, 2MB 1024, 4MB 512
[    0.054896] Last level dTLB entries: 4KB 1024, 2MB 1024, 4MB 512, 1GB 0
[    0.056014] Spectre V2 : Spectre mitigation: LFENCE not serializing, switching to generic retpoline
[    0.060014] Spectre V2 : Mitigation: Full generic retpoline
[    0.064009] Spectre V2 : Spectre v2 / SpectreRSB mitigation: Filling RSB on context switch
[    0.068015] Speculative Store Bypass: Mitigation: Speculative Store Bypass disabled via prctl and seccomp
[    0.072164] Freeing SMP alternatives memory: 36K
[    0.080000] APIC calibration not consistent with PM-Timer: 96ms instead of 100ms
[    0.080000] APIC delta adjusted to PM-Timer: 6367209 (6121382)
[    0.080110] smpboot: CPU0: AMD A9-9420e RADEON R5, 5 COMPUTE CORES 2C+3G (family: 0x15, model: 0x70, stepping: 0x0)
[    0.084253] Performance Events: PMU not available due to virtualization, using software events only.
[    0.088157] Hierarchical SRCU implementation.
[    0.097125] NMI watchdog: Perf event create on CPU 0 failed with -2
[    0.100013] NMI watchdog: Perf NMI watchdog permanently disabled
[    0.104189] smp: Bringing up secondary CPUs ...
[    0.108355] x86: Booting SMP configuration:
[    0.112016] .... node  #0, CPUs:      #1
[    0.004000] kvm-clock: cpu 1, msr 0:3ff44041, secondary cpu clock
[    0.004000] mce: CPU supports 0 MCE banks
[    0.160073] smp: Brought up 1 node, 2 CPUs
[    0.164023] smpboot: Max logical packages: 1
[    0.168017] smpboot: Total of 2 processors activated (7186.51 BogoMIPS)
[    0.172407] devtmpfs: initialized
[    0.176147] x86/mm: Memory block size: 128MB
[    0.180390] evm: security.selinux
[    0.184012] evm: security.SMACK64
[    0.188012] evm: security.SMACK64EXEC
[    0.192014] evm: security.SMACK64TRANSMUTE
[    0.196014] evm: security.SMACK64MMAP
[    0.200015] evm: security.apparmor
[    0.203427] evm: security.ima
[    0.204015] evm: security.capability
[    0.208033] clocksource: jiffies: mask: 0xffffffff max_cycles: 0xffffffff, max_idle_ns: 7645041785100000 ns
[    0.212041] futex hash table entries: 512 (order: 3, 32768 bytes)
[    0.216206] pinctrl core: initialized pinctrl subsystem
[    0.220298] RTC time:  6:30:16, date: 04/06/19
[    0.228180] NET: Registered protocol family 16
[    0.230694] audit: initializing netlink subsys (disabled)
[    0.232377] cpuidle: using governor ladder
[    0.236032] audit: type=2000 audit(1554532213.781:1): state=initialized audit_enabled=0 res=1
[    0.260066] cpuidle: using governor menu
[    0.268407] ACPI: bus type PCI registered
[    0.280017] acpiphp: ACPI Hot Plug PCI Controller Driver version: 0.5
[    0.284312] PCI: Using configuration type 1 for base access
[    0.304022] PCI: Using configuration type 1 for extended access
[    0.324135] HugeTLB registered 2.00 MiB page size, pre-allocated 0 pages
[    0.368190] ACPI: Added _OSI(Module Device)
[    0.372018] ACPI: Added _OSI(Processor Device)
[    0.376013] ACPI: Added _OSI(3.0 _SCP Extensions)
[    0.380014] ACPI: Added _OSI(Processor Aggregator Device)
[    0.384020] ACPI: Added _OSI(Linux-Dell-Video)
[    0.388017] ACPI: Added _OSI(Linux-Lenovo-NV-HDMI-Audio)
[    0.392016] ACPI: Added _OSI(Linux-HPI-Hybrid-Graphics)
[    0.396570] ACPI: Executed 1 blocks of module-level executable AML code
[    0.408133] ACPI: Interpreter enabled
[    0.412051] ACPI: (supports S0 S5)
[    0.416014] ACPI: Using IOAPIC for interrupt routing
[    0.420544] PCI: Using host bridge windows from ACPI; if necessary, use "pci=nocrs" and report a bug
[    0.424487] ACPI: Enabled 2 GPEs in block 00 to 07
[    0.447311] ACPI: PCI Root Bridge [PCI0] (domain 0000 [bus 00-ff])
[    0.448044] acpi PNP0A03:00: _OSC: OS supports [ExtendedConfig ASPM ClockPM Segments MSI]
[    0.452167] acpi PNP0A03:00: _OSC: OS now controls [PCIeHotplug PME AER PCIeCapability]
[    0.457208] PCI host bridge to bus 0000:00
[    0.460024] pci_bus 0000:00: root bus resource [io  0x0000-0x0cf7 window]
[    0.464021] pci_bus 0000:00: root bus resource [io  0x0d00-0xffff window]
[    0.468018] pci_bus 0000:00: root bus resource [mem 0x000a0000-0x000bffff window]
[    0.472018] pci_bus 0000:00: root bus resource [mem 0x40000000-0xfdffffff window]
[    0.476026] pci_bus 0000:00: root bus resource [bus 00-ff]
[    0.486033] pci 0000:00:01.1: legacy IDE quirk: reg 0x10: [io  0x01f0-0x01f7]
[    0.488020] pci 0000:00:01.1: legacy IDE quirk: reg 0x14: [io  0x03f6]
[    0.492018] pci 0000:00:01.1: legacy IDE quirk: reg 0x18: [io  0x0170-0x0177]
[    0.496018] pci 0000:00:01.1: legacy IDE quirk: reg 0x1c: [io  0x0376]
[    0.562328] pci 0000:00:07.0: quirk: [io  0x4000-0x403f] claimed by PIIX4 ACPI
[    0.564057] pci 0000:00:07.0: quirk: [io  0x4100-0x410f] claimed by PIIX4 SMB
[    0.606407] ACPI: PCI Interrupt Link [LNKA] (IRQs 5 9 10 *11)
[    0.609021] ACPI: PCI Interrupt Link [LNKB] (IRQs 5 9 *10 11)
[    0.612404] ACPI: PCI Interrupt Link [LNKC] (IRQs 5 *9 10 11)
[    0.616390] ACPI: PCI Interrupt Link [LNKD] (IRQs 5 9 10 *11)
[    0.621259] SCSI subsystem initialized
[    0.624200] pci 0000:00:02.0: vgaarb: setting as boot VGA device
[    0.628000] pci 0000:00:02.0: vgaarb: VGA device added: decodes=io+mem,owns=io+mem,locks=none
[    0.628029] pci 0000:00:02.0: vgaarb: bridge control possible
[    0.632015] vgaarb: loaded
[    0.636101] ACPI: bus type USB registered
[    0.640086] usbcore: registered new interface driver usbfs
[    0.644057] usbcore: registered new interface driver hub
[    0.648107] usbcore: registered new device driver usb
[    0.652209] EDAC MC: Ver: 3.0.0
[    0.657003] PCI: Using ACPI for IRQ routing
[    0.660813] NetLabel: Initializing
[    0.664014] NetLabel:  domain hash size = 128
[    0.668009] NetLabel:  protocols = UNLABELED CIPSOv4 CALIPSO
[    0.672054] NetLabel:  unlabeled traffic allowed by default
[    0.680187] clocksource: Switched to clocksource kvm-clock
[  0.164]VFS: Disk quotas dquot_6.6.0
[   .964570]VFS: Dquot-cache hash table entries: 512 (order 0, 4096 bytes)
[    0.968489] AppArmor: AppArmor Filesystem Enabled
[    0.968489] pnp: PnP ACPI init
[    0.968489] pnp: PnP ACPI: found 3 devices

[    1.086589] clocksource: acpi_pm: mask: 0xffffff max_cycles: 0xffffff, max_idle_ns: 2085701024 ns
[    1.092167] NET: Registered protocol family 2
[    1.097894] TCP established hash table entries: 81 (de 4656 te
  1.7785] CPbi hah able entries: 8192 (order: 5, 13102 tes)
[   1975032] TC: shabs onfgure (tablished 8192 bind 8192)

[    2.466122] UDP hash table entries: 512 (order: 2, 16384 bytes)
[    2.476824] UDP-Lite hah talentes51(oer2,63 bytes
[   1319NET:Restedroocl mi 1
[    3.134476] pci 0000:00:00.0: Limiting direct PCI/PCI transfers
[    3.134476] pci 0000:00:01.0: Activating ISA DMA hang workarounds
[    3.134476] pci 0000:00:02.0: Video device with shadowed ROM at [mem 0x000c0000-0x000dffff]
[    3.134476] Unpacking initramfs...

[    4.245078] Freeing initrd memory: 18976K
[    4.280550] clocksource: tsc: mask: 0xffffffffffffffff max_cycles: 0x19e5b90921d, max_idle_ns: 440795205948 ns
[    4.285649] platform rtc_cmos: registered platform RTC device (no PNP device found)
[    4.285685] Scanning for low memory corruption every 60 seconds
[    4.286572] Initialise system trusted keyrings
[    4.286615] Key type blacklist registered
[    4.286666] workingset: timestamp_bits=36 max_order=18 bucket_order=0
[    4.288907] zbud: loaded
[    4.289952] squashfs: version 4.0 (2009/01/31) Phillip Lougher
[    4.290275] fuse init (API version 7.26)
[    4.292273] Key type asymmetric registered
[    4.292274] Asymmetric key parser 'x509' registered
[    4.292356] Block layer SCSI generic (bsg) driver version 0.4 loaded (major 246)
[    4.292411] io scheduler noop registered
[    4.292412] io scheduler deadline registered
[    4.292466] io scheduler cfq registered (default)
[    4.687695] ACPI: AC Adapter [AC] (off-line)
[    4.690131] input: Power Button as /devices/LNXSYSTM:00/LNXPWRBN:00/input/input0
[    4.711800] ACPI: Power Button [PWRF]
[    4.722290] input: Sleep Button as /devices/LNXSYSTM:00/LNXSLPBN:00/input/input1
[    4.726756] ACPI: Sleep Button [SLPF]
[    4.731407] ACPI: Battery Slot [BAT0] (battery present)
[    4.734503] Serial: 8250/16550 driver, 32 ports, IRQ sharing enabled
[    4.763812] 00:02: ttyS0 at I/O 0x3f8 (irq = 4, base_baud = 115200) is a 16550A
[    4.818129] Linux agpgart interface v0.103
[    4.867286] loop: module loaded
[    4.899740] scsi host0: ata_piix
[    4.91060 ssihost1: ata_piix
[    5.067726] ata1: PATA max UDMA/33 cmd 0x1f0 ctl 03f6bmdma 0xd000 irq 14
[    5.138416] ata2: PATA max UDMA/33 cmd 0x170 ctl 0x376 bmdma 0xd008 irq 15

[    5.144125] ibphy: Fixed MDIO Bus: probed
[    5.147981] tun: Universal TUN/TAP device driver, 1.6

[    5.184196] PPP generic driver version 2.4.2
[    5.187550] ehci_hcd: USB 2.0 'Enhanced' Host Controller (EHCI) Driver
[    5.202572] ehci-pci: EHCI PCI platform driver
[    5.205074] ehci-platform: EHCI generic platform driver
[    5.211893] ohci_hcd: USB 1.1 'Open' Host Controller (OHCI) Driver
[    5.228795] ohci-pci: OHCI PCI platform driver
[    5.237033] ohci-platform: OHCI generic platform driver
[    5.244172] uhci_hcd: USB Universal Host Controller Interface driver
[    5.280399] i8042: PNP: PS/2 Controller [PNP0303:PS2K,PNP0f03:PS2M] at 0x60,0x64 irq 1,12
[    5.337690] serio: i8042 KBD port at 0x60,0x64 irq 1
[    5.370682] serio: i8042 AUX port at 0x60,0x64 irq 12
[    5.389572] mousedev: PS/2 mouse device common for all mice
[    5.426005] input: AT Translated Set 2 keyboard as /devices/platform/i8042/serio0/input/input2
[    5.428756] rtc_cmos rtc_cmos: rtc core: registered rtc_cmos as rtc0
[    5.428880] rtc_cmos rtc_cmos: alarms up to one day, 114 bytes nvram
[    5.428901] i2c /dev entries driver
[    5.428913] pcie_mp2_amd: AMD(R) PCI-E MP2 Communication Driver Version: 1.0
[    5.429072] device-mapper: uevent: version 1.0.3
[    5.429201] device-mapper: ioctl: 4.37.0-ioctl (2017-09-20) initialised: dm-devel@redhat.com
[    5.708048] ledtrig-cpu: registered to indicate activity on CPUs
[    5.725052] NET: Registered protocol family 10
[    5.761178] Segment Routing with IPv6
[    5.800538] NET: Registered protocol family 17
[    5.820418] Key type dns_resolver registered
[    5.862350] RAS: Correctable Errors collector initialized.
[    5.896487] sched_clock: Marking stable (5896421554, 0)->(16167599434, -10271177880)
[    5.919415] registered taskstats version 1
[    5.936685] Loading compiled-in X.509 certificates
[    5.981529] Loaded X.509 cert 'Build time autogenerated kernel key: 7211859d1298c08a101905a3cb814e8c7b4bf4a4'
[    6.041411] zswap: loaded using pool lzo/zbud
[    6.057773] Key type big_key registered
[    6.076626] Key type trusted registered
[    6.094460] Key type encrypted registered
[    6.118184] AppArmor: AppArmor sha1 policy hashing enabled
[    6.136716] ima: No TPM chip found, activating TPM-bypass! (rc=-19)
[    6.165649] ima: Allocated hash algorithm: sha1
[    6.187562] evm: HMAC attrs: 0x1
[    6.198669]   Magic number: 15:548:518
[    6.205229] rtc_cmos rtc_cmos: setting system clock to 2019-04-06 06:30:23 UTC (1554532223)
[    6.227031] BIOS EDD facility v0.16 2004-Jun-25, 0 devices found
[    6.262782] EDD information not available.
[    6.286957] Freeing unused kernel memory: 2408K
[    6.308273] Write protecting the kernel read-only data: 20480k
[    7.771275] Freeing unused kernel memory: 2008K
[    8.076936] Freeing unused kernel memory: 1892K
[    8.177759] x86/mm: Checked W+X mappings: passed, no W+X pages found.
Loading, please wait...
starting version 237
[    9.480437] e1000: Intel(R) PRO/1000 Network Driver - version 7.3.21-k8-NAPI
[    9.484600] e1000: Copyright (c) 1999-2006 Intel Corporation.
[    9.489194] Fusion MPT base driver 3.04.20
[    9.521824] Copyright (c) 1999-2008 LSI Corporation
[    9.678263] AVX2 version of gcm_enc/dec engaged.
[    9.684239] AES CTR mode by8 optimization enabled
[    9.703847] Fusion MPT SPI Host driver 3.04.20
[    9.870697] input: ImExPS/2 Generic Explorer Mouse as /devices/platform/i8042/serio1/input/input4
[   10.069737] e1000 0000:00:03.0 eth0: (PCI:33MHz:32-bit) 02:ea:7f:4f:2c:ab
[   10.076501] e1000 0000:00:03.0 eth0: Intel(R) PRO/1000 Network Connection
[   10.549484] e1000 0000:00:08.0 eth1: (PCI:33MHz:32-bit) 08:00:27:b8:1c:e0
[   10.579986] e1000 0000:00:08.0 eth1: Intel(R) PRO/1000 Network Connection
[   10.604604] e1000 0000:00:08.0 enp0s8: renamed from eth1
[   10.609847] mptbase: ioc0: Initiating bringup
[   10.665082] e1000 0000:00:03.0 enp0s3: renamed from eth0
[   10.764792] ioc0: LSI53C1030 A0: Capabilities={Initiator}
[   12.958988] scsi host2: ioc0: LSI53C1030 A0, FwRev=00000000h, Ports=1, MaxQ=256, IRQ=20
[   13.912879] scsi 2:0:0:0: Direct-Access     VBOX     HARDDISK         1.0  PQ: 0 ANSI: 5
[   13.976808] scsi target2:0:0: Beginning Domain Validation
[   14.000913] scsi target2:0:0: Domain Validation skipping write tests
[   14.072312] scsi target2:0:0: Ending Domain Validation
[   14.089906] scsi target2:0:0: asynchronous
[   14.098191] scsi 2:0:1:0: Direct-Access     VBOX     HARDDISK         1.0  PQ: 0 ANSI: 5
[   14.232796] scsi target2:0:1: Beginning Domain Validation
[   14.264965] random: fast init done
[   15.084685] scsi target2:0:1: Domain Validation skipping write tests
[   15.102315] scsi target2:0:1: Ending Domain Validation
[   15.143074] scsi target2:0:1: asynchronous
[   15.188957] random: systemd-udevd: uninitialized urandom read (16 bytes read)
[   15.189271] sd 2:0:0:0: Attached scsi generic sg0 type 0
[   15.189597] sd 2:0:1:0: Attached scsi generic sg1 type 0
[   15.190186] sd 2:0:0:0: [sda] 20971520 512-byte logical blocks: (10.7 GB/10.0 GiB)
[   15.190286] sd 2:0:0:0: [sda] Write Protect is off
[   15.190477] sd 2:0:0:0: [sda] Incomplete mode parameter data
[   15.190480] sd 2:0:0:0: [sda] Assuming drive cache: write through
[   15.197642]  sda: sda1
[   15.200715] sd 2:0:0:0: [sda] Attached SCSI disk
[   15.201147] sd 2:0:1:0: [sdb] 20480 512-byte logical blocks: (10.5 MB/10.0 MiB)
[   15.201245] sd 2:0:1:0: [sdb] Write Protect is off
[   15.201464] sd 2:0:1:0: [sdb] Incomplete mode parameter data
[   15.201467] sd 2:0:1:0: [sdb] Assuming drive cache: write through
[   15.213424] sd 2:0:1:0: [sdb] Attached SCSI disk
[   15.608151] random: systemd-udevd: uninitialized urandom read (16 bytes read)
[   15.644263] random: systemd-udevd: uninitialized urandom read (16 bytes read)
Begin: Loading essential drivers ... [   17.688167] raid6: sse2x1   gen()  3805 MB/s
[   17.753597] raid6: sse2x1   xor()  2782 MB/s
[   17.824314] raid6: sse2x2   gen()  2238 MB/s
[   17.872287] raid6: sse2x2   xor()  3028 MB/s
[   17.920719] raid6: sse2x4   gen()  2002 MB/s
[   17.981262] raid6: sse2x4   xor()  2316 MB/s
[   18.064074] raid6: avx2x1   gen()  4621 MB/s
[   18.144685] raid6: avx2x1   xor()  3656 MB/s
[   18.229454] raid6: avx2x2   gen()  4271 MB/s
[   18.312595] raid6: avx2x2   xor()  4131 MB/s
[   18.388953] raid6: avx2x4   gen()  1624 MB/s
[   18.445479] raid6: avx2x4   xor()  2319 MB/s
[   18.468545] raid6: using algorithm avx2x1 gen() 4621 MB/s
[   18.502631] raid6: .... xor() 3656 MB/s, rmw enabled
[   18.523752] raid6: using avx2x2 recovery algorithm
[   18.552158] xor: automatically using best checksumming function   avx       
[   18.595586] async_tx: api initialized (async)
done.
Begin: Running /scripts/init-premount ... done.
Begin: Mounting root file system ... Begin: Running /scripts/local-top ... done.
Begin: Running /scripts/local-premount ... [   18.750151] Btrfs loaded, crc32c=crc32c-intel
Scanning for Btrfs filesystems
done.
Warning: fsck not present, so skipping root file[   18.888509] EXT4-fs (sda1): mounted filesystem with ordered data mode. Opts: (null)
 system
done.
Begin: Running /scripts/local-bottom ... done.
Begin: Running /scripts/init-bottom ... done.
[   19.577338] ip_tables: (C) 2000-2006 Netfilter Core Team
[   19.689159] systemd[1]: systemd 237 running in system mode. (+PAM +AUDIT +SELINUX +IMA +APPARMOR +SMACK +SYSVINIT +UTMP +LIBCRYPTSETUP +GCRYPT +GNUTLS +ACL +XZ +LZ4 +SECCOMP +BLKID +ELFUTILS +KMOD -IDN2 +IDN -PCRE2 default-hierarchy=hybrid)
[   19.851031] systemd[1]: Detected virtualization oracle.
[   19.914015] systemd[1]: Detected architecture x86-64.

Welcome to [1mUbuntu 18.04.2 LTS[0m!

[   20.027630] systemd[1]: Set hostname to <ubuntu-bionic>.
[   21.806522] systemd[1]: Reached target Swap.
[[0;32m  OK  [0m] Reached target Swap.
[   21.884961] systemd[1]: Reached target System Time Synchronized.
[[0;32m  OK  [0m] Reached target System Time Synchronized.
[   22.016870] systemd[1]: Started Forward Password Requests to Wall Directory Watch.
[[0;32m  OK  [0m] Started Forward Password Requests to Wall Directory Watch.
[   22.108564] systemd[1]: Reached target User and Group Name Lookups.
[[0;32m  OK  [0m] Reached target User and Group Name Lookups.
[   22.203351] systemd[1]: Created slice User and Session Slice.
[[0;32m  OK  [0m] Created slice User and Session Slice.
[   22.266049] systemd[1]: Created slice System Slice.
[[0;32m  OK  [0m] Created slice System Slice.
[[0;32m  OK  [0m] Listening on Syslog Socket.
[[0;32m  OK  [0m] Listening on LVM2 poll daemon socket.
[[0;32m  OK  [0m] Listening on Network Service Netlink Socket.
[[0;32m  OK  [0m] Listening on udev Control Socket.
[[0;32m  OK  [0m] Listening on LVM2 metadata daemon socket.
[[0;32m  OK  [0m] Reached target Slices.
[[0;32m  OK  [0m] Created slice system-serial\x2dgetty.slice.
[[0;32m  OK  [0m] Listening on Journal Socket (/dev/log).
[[0;32m  OK  [0m] Listening on Journal Socket.
         Mounting Kernel Debug File Syste[   22.822636] random: crng init done
m...
[   22.846395] random: 7 urandom warning(s) missed due to ratelimiting
         Mounting Huge Pages File System...
         Starting Uncomplicated firewall...
         Starting Create list of required st…ce nodes for the current kernel...
         Starting Set the console keyboard layout...
         Starting Remount Root and Kernel File Systems...
[[0;32m  OK  [0[   23.029948] EXT4-fs (sda1): re-mounted. Opts: (null)
m] Listening on /dev/initctl Compatibility Named Pipe.
[[0;32m  OK  [0m] Listening on udev Kernel Socket.
         Starting udev Coldplug all Devices...
         Starting Load Kernel Modules...
[[0;32m  OK  [0m] Listening on Device-mapper event[   23.263490] Loading iSCSI transport class v2.0-870.
 daemon FIFOs.
[   23.330275] iscsi: registered transport (tcp)
         Starting Monitoring of LVM2 mirrors…ng dmeventd or progress polling...
[[0;32m  OK  [0m] Set up automount Arbitrary Executab…rmats File System Automount Point.
[[0;32m  OK  [[   23.503942] iscsi: registered transport (iser)
0m] Listening on Journal Audit Socket.
         Starting Journal Service...
         Mounting POSIX Message Queue File System...
[[0;32m  OK  [0m] Mounted Kernel Debug File System.
[[0;32m  OK  [0m] Started Journal Service.
[[0;32m  OK  [0m] Mounted Huge Pages File System.
[[0;32m  OK  [0m] Started Uncomplicated firewall.
[[0;32m  OK  [0m] Started Create list of required sta…vice nodes for the current kernel.
[[0;32m  OK  [0m] Started Set the console keyboard layout.
[[0;32m  OK  [0m] Started Remount Root and Kernel File Systems.
[[0;32m  OK  [0m] Started Load Kernel Modules.
[[0;32m  OK  [0m] Mounted POSIX Message Queue File System.
[[0;32m  OK  [0m] Started udev Coldplug all Devices.
[[0;32m  OK  [0m] Started LVM2 metadata daemon.
         Starting Apply Kernel Variables...
         Mounting Kernel Configuration File System...
         Mounting FUSE Control File System...
         Starting Load/Save Random Seed...
         Starting Initial cloud-init job (pre-networking)...
         Starting Create Static Device Nodes in /dev...
         Starting Flush Journal to Persistent Storage...
[[0;32m  OK  [0m] Started Monitoring of LVM2 mirrors,…sing dmeventd or progress polling.
[[0;32m  OK  [0m] Started Apply Kernel Variables.
[[0;32m  OK  [0m] Mounted Kernel Configuration File System.
[[0;32m  OK  [0m] Mounted FUSE Control File System.
[[0;32m  OK  [0m] Started Load/Save Random Seed.
[[0;32m  OK  [0m] Started Create Static Device Nodes in /dev.
         Starting udev Kernel Device Manager...
[[0;32m  OK  [0m] Reached target Local File Systems (Pre).
[[0;32m  OK  [0m] Reached target Local File Systems.
         Starting ebtables ruleset management...
         Starting Tell Plymouth To Write Out Runtime Data...
         Starting Set console font and keymap...
         Starting AppArmor initialization...
[[0;32m  OK  [0m] Started Tell Plymouth To Write Out Runtime Data.
[[0;32m  OK  [0m] Started Set console font and keymap.
[[0;32m  OK  [0m] Started udev Kernel Device Manager.
[[0;32m  OK  [0m] Started Dispatch Password Requests to Console Directory Watch.
[[0;32m  OK  [0m] Reached target Local Encrypted Volumes.
[[0;32m  OK  [0m] Started Flush Journal to Persistent Storage.
         Starting Create Volatile Files and Directories...
[[0;32m  OK  [0m] Started Create Volatile Files and Directories.
[[0;32m  OK  [0m] Started ebtables ruleset management.
         Starting Update UTMP about System Boot/Shutdown...
[[0;32m  OK  [0m] Found device /dev/ttyS0.
[[0;32m  OK  [0m] Started Update UTMP about System Boot/Shutdown.
[[0;32m  OK  [0m] Listening on Load/Save RF Kill Switch Status /dev/rfkill Watch.
[[0;32m  OK  [0m] Started AppArmor initialization.
[   29.782600] cloud-init[417]: Cloud-init v. 18.5-45-g3554ffe8-0ubuntu1~18.04.1 running 'init-local' at Sat, 06 Apr 2019 06:30:46 +0000. Up 29.24 seconds.
[[0;32m  OK  [0m] Started Initial cloud-init job (pre-networking).
[[0;32m  OK  [0m] Reached target Network (Pre).
         Starting Network Service...
[[0;32m  OK  [0m] Started Network Service.
         Starting Network Name Resolution...
         Starting Wait for Network to be Configured...
[[0;32m  OK  [0m] Started Network Name Resolution.
[[0;32m  OK  [0m] Reached target Network.
[[0;32m  OK  [0m] Reached target Host and Network Name Lookups.
[[0;32m  OK  [0m] Started Wait for Network to be Configured.
         Starting Initial cloud-init job (metadata service crawler)...
[   33.889556] cloud-init[658]: Cloud-init v. 18.5-45-g3554ffe8-0ubuntu1~18.04.1 running 'init' at Sat, 06 Apr 2019 06:30:50 +0000. Up 33.36 seconds.
[   33.951884] cloud-init[658]: ci-info: ++++++++++++++++++++++++++++++++++++++Net device info+++++++++++++++++++++++++++++++++++++++
[   33.998889] cloud-init[658]: ci-info: +--------+------+-----------------------------+---------------+--------+-------------------+
[   34.032298] cloud-init[658]: ci-info: | Device |  Up  |           Address           |      Mask     | Scope  |     Hw-Address    |
[   34.127482] cloud-init[658]: ci-info: +--------+------+-----------------------------+---------------+--------+-------------------+
[   34.196985] cloud-init[658]: ci-info: | enp0s3 | True |          10.0.2.15          | 255.255.255.0 | global | 02:ea:7f:4f:2c:ab |
[   34.255411] cloud-init[658]: ci-info: | enp0s3 | True |  fe80::ea:7fff:fe4f:2cab/64 |       .       |  link  | 02:ea:7f:4f:2c:ab |
[   34.289324] cloud-init[658]: ci-info: | enp0s8 | True |        192.168.33.10        | 255.255.255.0 | global | 08:00:27:b8:1c:e0 |
[   34.376751] cloud-init[658]: ci-info: | enp0s8 | True | fe80::a00:27ff:feb8:1ce0/64 |       .       |  link  | 08:00:27:b8:1c:e0 |
[   34.394235] cloud-init[658]: ci-info: |   lo   | True |          127.0.0.1          |   255.0.0.0   |  host  |         .         |
[   34.551393] cloud-init[658]: ci-info: |   lo   | True |           ::1/128           |       .       |  host  |         .         |
[[0;32m  OK  [0m] Started Initial cloud-init job (metadata service crawler).
[[0;32m  OK  [0m] Reached target Cloud-config availability.
[[0;32m  OK  [0m] Reached target System Initialization.
         Starting Socket activation for snappy daemon.
[   34.599583] cloud-init[658]: ci-info: +--------+------+-----------------------------+---------------+--------+-------------------+
[[0;32m  OK  [0m] Started Daily apt download activities.
[[0;32m  OK  [0m] Started Daily apt upgrade and clean activities.
[[0;32m  OK  [0m] Listening on UUID daemon activation socket.
[[0;32m  OK  [0m] Started Discard unused blocks once a week.
[   34.718763] cloud-init[[0;32m  OK  [0m] Started ACPI Events Check.
[[0;32m  OK  [0m] Started Daily Cleanup of Temporary Directories.
[[0;32m  OK  [0m] Listening on ACPID Listen Socket.
[658]: ci-info: +++++++++++++++++++++++++++++Route IPv4 info+++++++++++++++++++++++++++++
[   34.905773] cloud-init[658]: ci-info: +-------+--------------+----------+-----------------+-----------+-------+
[[0;32m  OK  [0m] Listening on D-Bus System Message Bus Socket.
[   34.988914] [cloud-init[0;32m  OK  [0m[658]: ] ci-info: | Route | Destination  | Gateway  |     Genmask     | Interface | Flags |Reached target Paths.

         Starting LXD - unix socket.
[   35.038328] cloud-init[658]: ci-info: +-------+--------------+----------+-----------------+-----------+-------+
[   35.139710] cloud-init[658]: ci-info: |   0   |   0.0.0.0    | 10.0.2.2 |     0.0.0.0     |   enp0s3  |   UG  |
[   35.148070] cloud-init[658]: ci-info: |   1   |   10.0.2.0   | 0.0.0.0  |  255.255.255.0  |   enp0s3  |   U   |
[   35.163417] cloud-init[658]: ci-info: |   2   |   10.0.2.2   | 0.0.0.0  | 255.255.255.255 |   enp0s3  |   UH  |
[[   35.197464] cloud-init[658]: ci-info: |   3   | 192.168.33.0 | 0.0.0.0  |  255.255.255.0  |   enp0s8  |   U   |
[   35.197811] cloud-init[658]: ci-info: +-------+--------------+----------+-----------------+-----------+-------+
[0;32m  OK  [0m] Started Message of the Day.
[[0;32m  OK  [0m] Reached target Timers.
[   35.199849] cloud-init[658]: ci-info: +++++++++++++++++++Route IPv6 info+++++++++++++++++++
[   35.315534] cloud-init[658]: ci-info: +-------+-------------+---------+-----------+-------+
[   35.322594] cloud-init[658]: ci-info: | Route | Destination | Gateway | Interface | Flags |
[   35.349055] cloud-init[658]: ci-info: +-------+-------------+---------+-----------+-------+
[[   35.397564] cloud-init[658]: ci-info: |   1   |  fe80::/64  |    ::   |   enp0s8  |   U   |
[   35.397906] cloud-init[658]: ci-info: |   2   |  fe80::/64  |    ::   |   enp0s3  |   U   |
[0;32m  OK  [0m] Listening on Open-iSCSI iscsid Socket.
[[   35.398304] cloud-init[658]: ci-info: |   4   |    local    |    ::   |   enp0s3  |   U   |
[   35.610344] cloud-init[658]: ci-info: |   5   |    local    |    ::   |   enp0s8  |   U   |
[0;32m  OK  [0m] Reached target Network is Online.
[   35.610845] cloud-init[658]: ci-info: |   6   |   ff00::/8  |    ::   |   enp0s8  |   U   |
[   35.637315] cloud-init[658]: ci-info: |   7   |   ff00::/8  |    ::   |   enp0s3  |   U   |
[   35.644853] cloud-init[658]: ci-info: +-------+-------------+---------+-----------+-------+
[[0;32m  OK  [0m] Reached target Remote File Systems (Pre).
[[0;32m  OK  [0m] Reached target Remote File Systems.
         Starting Availability of block devices...
[[0;32m  OK  [0m] Listening on Socket activation for snappy daemon.
[[0;32m  OK  [0m] Listening on LXD - unix socket.
[[0;32m  OK  [0m] Started Availability of block devices.
[[0;32m  OK  [0m] Reached target Sockets.
[[0;32m  OK  [0m] Reached target Basic System.
[[0;32m  OK  [0m] Started irqbalance daemon.
         Starting System Logging Service...
         Starting OpenBSD Secure Shell server...
[[0;32m  OK  [0m] Started Regular background program processing daemon.
         Starting Login Service...
         Starting Dispatcher daemon for systemd-networkd...
[[0;32m  OK  [0m] Started D-Bus System Message Bus.
         Starting LXD - container startup/shutdown...
         Starting Permit User Sessions...
         Starting LSB: automatic crash report generation...
[[0;32m  OK  [0m] Started FUSE filesystem for LXC.
[[0;32m  OK  [0m] Started Deferred execution scheduler.
         Starting vboxadd.service...
         Starting Accounts Service...
         Starting LSB: Record successful boot for GRUB...
         Starting Snappy daemon...
[[0;32m  OK  [0m] Started System Logging Service.
[[0;32m  OK  [0m] Started Permit User Sessions.
[[0;32m  OK  [0m] Started OpenBSD Secure Shell server.
[[0;32m  OK  [0m] Started Login Service.
[[0;32m  OK  [0m] Started Unattended Upgrades Shutdown.
         Starting Terminate Plymouth Boot Screen...
         Starting Hold until boot process finishes up...
[[0;32m  OK  [0m] Started Terminate Plymouth Boot Screen.
[[0;32m  OK  [0m] Started Hold until boot process finishes up.
         Starting Set console scheme...
[[0;32m  OK  [0m] Started Serial Getty on ttyS0.
[[0;32m  OK  [0m] Started Set console scheme.
[[0;32m  OK  [0m] Started LSB: automatic crash report generation.
[[0;32m  OK  [0m] Created slice system-getty.slice.
[[0;32m  OK  [0m] Started Getty on tty1.
[[0;32m  OK  [0m] Reached target Login Prompts.
         Starting Authorization Manager...
[[0;32m  OK  [0m] Started LSB: Record successful boot for GRUB.
[[0;32m  OK  [0m] Started Dispatcher daemon for systemd-networkd.
[[0;32m  OK  [0m] Started Authorization Manager.
[[0;32m  OK  [0m] Started Accounts Service.
[[0;32m  OK  [0m] Started LXD - container startup/shutdown.
[[0;32m  OK  [0m] Started vboxadd.service.
         Starting vboxadd-service.service...
[[0;32m  OK  [0m] Started Snappy daemon.
         Starting Wait until snapd is fully seeded...
[[0;32m  OK  [0m] Started vboxadd-service.service.
[[0;32m  OK  [0m] Started Wait until snapd is fully seeded.
         Starting Apply the settings specified in cloud-config...
[[0;32m  OK  [0m] Reached target Multi-User System.
[[0;32m  OK  [0m] Reached target Graphical Interface.
         Starting Update UTMP about System Runlevel Changes...
[[0;32m  OK  [0m] Started Update UTMP about System Runlevel Changes.
[[0;32m  OK  [0m] Created slice User Slice of vagrant.
         Starting User Manager for UID 1000...
[[0;32m  OK  [0m] Started Session 1 of user vagrant.
[[0;32m  OK  [0m] Started User Manager for UID 1000.
[   41.181421] cloud-init[1078]: Cloud-init v. 18.5-45-g3554ffe8-0ubuntu1~18.04.1 running 'modules:config' at Sat, 06 Apr 2019 06:30:58 +0000. Up 40.71 seconds.
[[0;32m  OK  [0m] Started Apply the settings specified in cloud-config.
         Starting Execute cloud user/final scripts...

Ubuntu 18.04.2 LTS ubuntu-bionic ttyS0

ubuntu-bionic login: [   43.662234] cloud-init[1165]: Cloud-init v. 18.5-45-g3554ffe8-0ubuntu1~18.04.1 running 'modules:final' at Sat, 06 Apr 2019 06:31:00 +0000. Up 43.23 seconds.
[   43.663090] cloud-init[1165]: Cloud-init v. 18.5-45-g3554ffe8-0ubuntu1~18.04.1 finished at Sat, 06 Apr 2019 06:31:00 +0000. Datasource DataSourceNoCloud [seed=/dev/sdb][dsmode=net].  Up 43.62 seconds
         Stopping Availability of block devices...
[[0;32mS[[0;32m  OK  [0m] Stopped Discard unused blocks once a week.
[[0;32m  OK  [0m] Stopped target System Time Synchronized.
[[0;32m  OK  [0m] Unmounted /var/lib/lxcfs.
[[0;32m  OK  [0m] Stopped irqbalance daemon.
[[0;32m  OK  [0m] Stopped System Logging Service.
[[0;32m  OK  [0m] Stopped Regular background program processing daemon.
[[0;32m  OK  [0m] Stopped Dispatcher daemon for systemd-networkd.
[[0;32m  OK  [0m] Stopped Deferred execution scheduler.
[[0;32m  OK  [0m] Stopped Accounts Service.
[[0;32m  OK  [0m] Stopped OpenBSD Secure Shell server.
[[0;32m  OK  [0m] Stopped Unattended Upgrades Shutdown.
[[0;32m  OK  [0m] Stopped Serial Getty on ttyS0.
[[0;32m  OK  [0m] Stopped Getty on tty1.
[[0;32m  OK  [0m] Stopped Authorization Manager.
[[0;32m  OK  [0m] Stopped User Manager for UID 1000.
[[0;32m  OK  [0m] Stopped Availability of block devices.
[[0;32m  OK  [0m] Stopped vboxadd-service.service.
[[0;32m  OK  [0m] Stopped D-Bus System Message Bus.
[[0;32m  OK  [0m] Stopped FUSE filesystem for LXC.
[[0;32m  OK  [0m] Stopped Session 7 of user vagrant.
         Stopping vboxadd.service...
[[0;32m  OK  [0m] Removed slice User Slice of vagrant.
[[0;32m  OK  [0m] Removed slice system-getty.slice.
[[0;32m  OK  [0m] Removed slice system-serial\x2dgetty.slice.
         Stopping Permit User Sessions...
         Stopping Login Service...
[[0;32m  OK  [0m] Stopped LSB: Record successful boot for GRUB.
[[0;32m  OK  [0m] Stopped LXD - container startup/shutdown.
[[0;32m  OK  [0m] Stopped LSB: automatic crash report generation.
[[0;32m  OK  [0m] Stopped Login Service.
[[0;32m  OK  [0m] Unmounted /vagrant.
[[0;32m  OK  [0m] Stopped vboxadd.service.
[[0;32m  OK  [0m] Stopped Permit User Sessions.
[[0;32m  OK  [0m] Stopped target Network.
         Stopping Network Name Resolution...
[[0;32m  OK  [0m] Stopped target User and Group Name Lookups.
[[0;32m  OK  [0m] Stopped target Remote File Systems.
[[0;32m  OK  [0m] Stopped target Remote File Systems (Pre).
[[0;32m  OK  [0m] Stopped target Basic System.
[[0;32m  OK  [0m] Stopped target Slices.
[[0;32m  OK  [0m] Removed slice User and Session Slice.
[[0;32m  OK  [0m] Stopped target Sockets.
[[0;32m  OK  [0m] Closed LXD - unix socket.
[[0;32m  OK  [0m] Closed Socket activation for snappy daemon.
[[0;32m  OK  [0m] Closed Open-iSCSI iscsid Socket.
[[0;32m  OK  [0m] Closed Syslog Socket.
[[0;32m  OK  [0m] Closed UUID daemon activation socket.
[[0;32m  OK  [0m] Closed D-Bus System Message Bus Socket.
[[0;32m  OK  [0m] Closed ACPID Listen Socket.
[[0;32m  OK  [0m] Stopped target Paths.
[[0;32m  OK  [0m] Stopped ACPI Events Check.
[[0;32m  OK  [0m] Stopped target System Initialization.
[[0;32m  OK  [0m] Stopped target Local Encrypted Volumes.
[[0;32m  OK  [0m] Stopped Forward Password Requests to Wall Directory Watch.
[[0;32m  OK  [0m] Stopped Dispatch Password Requests to Console Directory Watch.
[[0;32m  OK  [0m] Stopped Initial cloud-init job (metadata service crawler).
         Stopping Load/Save Random Seed...
         Stopping Update UTMP about System Boot/Shutdown...
[[0;32m  OK  [0m] Stopped Network Name Resolution.
[[0;32m  OK  [0m] Stopped Load/Save Random Seed.
         Stopping Network Service...
[[0;32m  OK  [0m] Stopped Network Service.
[[0;32m  OK  [0m] Stopped Update UTMP about System Boot/Shutdown.
[[0;32m  OK  [0m] Stopped Create Volatile Files and Directories.
[[0;32m  OK  [0m] Stopped target Local File Systems.
         Unmounting /run/user/1000...
[[0;32m  OK  [0m] Stopped Apply Kernel Variables.
[[0;32m  OK  [0m] Stopped Load Kernel Modules.
[[0;32m  OK  [0m] Stopped target Network (Pre).
[[0;32m  OK  [0m] Stopped Initial cloud-init job (pre-networking).
[[0;32m  OK  [0m] Unmounted /run/user/1000.
[[0;32m  OK  [0m] Reached target Unmount All Filesystems.
[[0;32m  OK  [0m] Stopped target Swap.
[[0;32m  OK  [0m] Stopped target Local File Systems (Pre).
[[0;32m  OK  [0m] Stopped Create Static Device Nodes in /dev.
         Stopping Monitoring of LVM2 mirrors…ng dmeventd or progress polling...
[[0;32m  OK  [0m] Stopped Remount Root and Kernel File Systems.
[[0;32m  OK  [0m] Reached target Shutdown.
[[0;32m  OK  [0m] Reached target Final Step.
         Starting Power-Off...
[[0;32m  OK  [0m] Stopped Monitoring of LVM2 mirrors,…sing dmeventd or progress polling.
         Stopping LVM2 metadata daemon...
[[0;32m  OK  [0m] Stopped LVM2 metadata daemon.
[ 3071.356048] reboot: Power down
